Сборка начата 19.06.2015 15:55:02.
     1>Проект "D:\Job\John\ZIASNew\ZIASprogram\ZIAS\build\ZIAS.vcxproj" в узле 2 (целевые объекты Build).
     1>ClCompile:
         D:\Program Files\Microsoft Visual Studio 12.0\VC\bin\CL.exe /c /I..\libs\rapidxml /I"..\code\headers\ZIAS Logic" /AI"C:\Program Files (x86)\Reference Assemblies\Microsoft\Framework\.NETFramework\v4.0" /AI"C:\Program Files (x86)\Windows Kits\8.1\References\CommonConfiguration\Neutral" /Zi /clr:pure /nologo /W3 /WX- /sdl- /Od /Oy- /D WIN32 /D _DEBUG /D _WINDOWS /D _MBCS /EHa /MDd /GS /fp:precise /Zc:wchar_t /Zc:forScope /Yc"stdafx.h" /Fp"Debug\ZIAS.pch" /Fo"Debug\\" /Fd"Debug\vc120.pdb" /TP /FU"C:\Program Files (x86)\Reference Assemblies\Microsoft\Framework\.NETFramework\v4.0\mscorlib.dll" /FU"C:\Program Files (x86)\Reference Assemblies\Microsoft\Framework\.NETFramework\v4.0\System.Data.dll" /FU"C:\Program Files (x86)\Reference Assemblies\Microsoft\Framework\.NETFramework\v4.0\System.dll" /FU"C:\Program Files (x86)\Reference Assemblies\Microsoft\Framework\.NETFramework\v4.0\System.Drawing.dll" /FU"C:\Program Files (x86)\Reference Assemblies\Microsoft\Framework\.NETFramework\v4.0\System.Windows.Forms.dll" /FU"C:\Program Files (x86)\Reference Assemblies\Microsoft\Framework\.NETFramework\v4.0\System.Xml.dll" /analyze- /errorReport:prompt /clr:nostdlib "..\code\source\ZIAS Logic\_FormDataStorageManager.cpp" "..\code\source\ZIAS Logic\MainForm.cpp" "..\code\source\ZIAS Logic\MainZIAS.cpp" "..\code\source\ZIAS Logic\_ReportManager.cpp" "..\code\source\ZIAS Logic\_VariableStorageManager.cpp"
         _FormDataStorageManager.cpp
         MainForm.cpp
         MainZIAS.cpp
         _ReportManager.cpp
         _VariableStorageManager.cpp
     1>..\code\source\ZIAS Logic\_VariableStorageManager.cpp(413): warning C4244: =: преобразование "double" в "float", возможна потеря данных
       Link:
         D:\Program Files\Microsoft Visual Studio 12.0\VC\bin\link.exe /ERRORREPORT:PROMPT /OUT:"..\bin\ZIAS.exe" /INCREMENTAL /NOLOGO kernel32.lib user32.lib gdi32.lib winspool.lib comdlg32.lib advapi32.lib shell32.lib ole32.lib oleaut32.lib uuid.lib odbc32.lib odbccp32.lib /ASSEMBLYRESOURCE:Debug\ZIAS.MainForm.resources /MANIFEST /MANIFESTUAC:"level='asInvoker' uiAccess='false'" /manifest:embed /DEBUG /PDB:"..\bin\ZIAS.pdb" /ASSEMBLYDEBUG /SUBSYSTEM:WINDOWS /TLBID:1 /ENTRY:"main" /DYNAMICBASE /FIXED:NO /NXCOMPAT /MACHINE:X86 Debug\_FormDataStorageManager.obj
         Debug\MainForm.obj
         Debug\MainZIAS.obj
         Debug\_ReportManager.obj
         Debug\_VariableStorageManager.obj
         "Debug\.NETFramework,Version=v4.0.AssemblyAttributes.obj"
         ZIAS.vcxproj -> D:\Job\John\ZIASNew\ZIASprogram\ZIAS\build\..\bin\ZIAS.exe
     1>Сборка проекта "D:\Job\John\ZIASNew\ZIASprogram\ZIAS\build\ZIAS.vcxproj" завершена (целевые объекты Build).

Сборка успешно завершена.

Затраченное время: 00:00:14.88
